[30Aug2025 00:12:34.137] [main/INFO] [cpw.mods.modlauncher.Launcher/MODLAUNCHER]: ModLauncher running: args [--gameDir, ., --launchTarget, fmlserver, --fml.forgeVersion, 36.2.34, --fml.mcpVersion, 20210115.111550, --fml.mcVersion, 1.16.5, --fml.forgeGroup, net.minecraftforge, nogui]
[30Aug2025 00:12:34.140] [main/INFO] [cpw.mods.modlauncher.Launcher/MODLAUNCHER]: ModLauncher 8.1.3+8.1.3+main-8.1.x.c94d18ec starting: java version 1.8.0_392 by Oracle Corporation
[30Aug2025 00:12:34.323] [main/INFO] [net.minecraftforge.fml.loading.FixSSL/CORE]: Added Lets Encrypt root certificates as additional trust
[30Aug2025 00:12:34.355] [main/INFO] [mixin/]: SpongePowered MIXIN Subsystem Version=0.8.4 Source=file:/home/juufuutei/Documents/mcserv/libraries/org/spongepowered/mixin/0.8.4/mixin-0.8.4.jar Service=ModLauncher Env=SERVER
[30Aug2025 00:12:35.037] [main/INFO] [STDERR/]: [org.antlr.v4.runtime.ConsoleErrorListener:syntaxError:38]: line 59:57 token recognition error at: 's'
[30Aug2025 00:12:35.071] [main/INFO] [STDERR/]: [org.antlr.v4.runtime.ConsoleErrorListener:syntaxError:38]: line 1:0 token recognition error at: '~'
[30Aug2025 00:12:35.579] [main/INFO] [mixin/]: Successfully loaded Mixin Connector [hellfirepvp.astralsorcery.MixinConnector]
[30Aug2025 00:12:35.581] [main/INFO] [mixin/]: Successfully loaded Mixin Connector [vazkii.botania.common.MixinConnector]
[30Aug2025 00:12:35.582] [main/INFO] [mixin/]: Successfully loaded Mixin Connector [vazkii.patchouli.common.MixinConnector]
[30Aug2025 00:12:35.586] [main/INFO] [cpw.mods.modlauncher.LaunchServiceHandler/MODLAUNCHER]: Launching target 'fmlserver' with arguments [--gameDir, ., nogui]
[30Aug2025 00:12:35.602] [main/WARN] [mixin/]: Reference map 'modid.refmap.json' for rsinfinitybooster.mixins.json could not be read. If this is a development environment you can ignore this message
[30Aug2025 00:12:35.613] [main/WARN] [mixin/]: Reference map 'rhino-forge-refmap.json' for rhino.mixins.json could not be read. If this is a development environment you can ignore this message
[30Aug2025 00:12:35.782] [main/INFO] [net.minecraftforge.coremod.CoreMod.astralsorcery/COREMODLOG]: Adding 'reach_set_server_entity_interact' ASM patch...
[30Aug2025 00:12:35.910] [main/INFO] [net.minecraftforge.coremod.CoreMod.astralsorcery/COREMODLOG]: Added 'reach_set_server_entity_interact' ASM patch!
[30Aug2025 00:12:36.083] [main/INFO] [net.minecraftforge.coremod.CoreMod.placebo/COREMODLOG]: Patching LivingEntity#attackEntityFrom
[30Aug2025 00:12:36.480] [main/INFO] [net.minecraftforge.coremod.CoreMod.placebo/COREMODLOG]: Patching ItemStack#onItemUse
[30Aug2025 00:12:36.608] [main/WARN] [mixin/]: Error loading class: dev/ftb/mods/ftbmoney/shop/ShopEntry (java.lang.ClassNotFoundException: null)
[30Aug2025 00:12:36.609] [main/WARN] [mixin/]: @Mixin target dev.ftb.mods.ftbmoney.shop.ShopEntry was not found questsadditions.mixins.json:MixinFTBShop
[30Aug2025 00:12:36.617] [main/FATAL] [net.minecraftforge.fml.loading.RuntimeDistCleaner/DISTXFORM]: Attempted to load class net/minecraft/client/entity/player/ClientPlayerEntity for invalid dist DEDICATED_SERVER
[30Aug2025 00:12:36.618] [main/WARN] [mixin/]: Error loading class: net/minecraft/client/entity/player/ClientPlayerEntity (java.lang.RuntimeException: Attempted to load class net/minecraft/client/entity/player/ClientPlayerEntity for invalid dist DEDICATED_SERVER)
[30Aug2025 00:12:36.618] [main/WARN] [mixin/]: @Mixin target net.minecraft.client.entity.player.ClientPlayerEntity was not found ars_nouveau.mixins.json:ClientElytraMixin
[30Aug2025 00:12:36.658] [main/INFO] [net.minecraftforge.coremod.CoreMod.placebo/COREMODLOG]: Patching DataPackRegistries#<init>
[30Aug2025 00:12:36.669] [main/INFO] [net.minecraftforge.coremod.CoreMod.observerlib/COREMODLOG]: Adding 'on_block_change' ASM patch...
[30Aug2025 00:12:36.671] [main/INFO] [net.minecraftforge.coremod.CoreMod.observerlib/COREMODLOG]: Added 'on_block_change' ASM patch!
[30Aug2025 00:12:36.678] [main/INFO] [net.minecraftforge.coremod.CoreMod.placebo/COREMODLOG]: Patching LootTableManager#apply
[30Aug2025 00:12:37.712] [main/INFO] [net.minecraftforge.coremod.CoreMod.placebo/COREMODLOG]: Patching LivingEntity#attackEntityFrom
[30Aug2025 00:12:37.765] [main/INFO] [net.minecraftforge.coremod.CoreMod.observerlib/COREMODLOG]: Adding 'on_block_change' ASM patch...
[30Aug2025 00:12:37.765] [main/INFO] [net.minecraftforge.coremod.CoreMod.observerlib/COREMODLOG]: Added 'on_block_change' ASM patch!
[30Aug2025 00:12:39.666] [main/INFO] [net.minecraftforge.coremod.CoreMod.placebo/COREMODLOG]: Patching ItemStack#onItemUse
